[Mempool Mock] Starting server on port 8080...
  - GET  /api/mempool/batch
  - POST /api/mempool/confirm_txs
  - POST /inject (manual testing)
[Mempool] Injected transaction 66185e77a4bde4d4c4cab8ac24c4bbcb872dd81ce06b37c19aef282143e8cdf3 into queue. Queue size: 1
[Mempool] Injected transaction e4cfa3c2588e23094b757b1552f6b284277ff6411c0b9aef5199f5f2d79e4a4b into queue. Queue size: 2
[Mempool] Injected transaction ec7a4f12c5d541879b65269d0dbe9f1fdf78975a2999a5221fe025b9526a0ea9 into queue. Queue size: 3
[Mempool] Injected transaction db5cf8b3a311254bb374726b684b56aeb48ebc561f3270d4ef279ce0799f0ca0 into queue. Queue size: 4
[Mempool] Injected transaction 71a3d1ecac9721a20f1f0d14497aa81967437ac4e8feb5b00ae71e3a7288e4aa into queue. Queue size: 5
[Mempool] Injected transaction 5b28eec0fd2b84c41faba0d1aceaa95ac10ac531f97d6712cd5831eb5be90cef into queue. Queue size: 6
[Mempool] Injected transaction 9d9068a486254355e1b221b2af569831d44b40f4158878a7e460763b7cd323eb into queue. Queue size: 7
[Mempool] Injected transaction c09a88156eab59ca74eba18a61122a3d3608e0ea7e1ef066ae4d7fc13a616cc7 into queue. Queue size: 8
[Mempool] Injected transaction 8e0b96b26d4a4061c869c7e64de2f24a53874dc86ae90158416c431e4d706c8a into queue. Queue size: 9
[Mempool] Injected transaction 22badf8d930c95b20b190f5f184a98552cf3aefa64fb762c841cce4e1fb502cc into queue. Queue size: 10
[Mempool] Injected transaction 4893549c34d7a9e06bf92aa809b18e5d5fdc902919600ca8e7d8a1da7bd37f06 into queue. Queue size: 11
[Mempool] Injected transaction e41381c2eae0ecd72be45c5d2fd701789b17e67c45b27fbf10a9ee3e03285e55 into queue. Queue size: 12
[Mempool] Injected transaction bf44d1f6e73598616217f4db28a9eb2aa489ca89c19bb6766cfe08df60e1bd03 into queue. Queue size: 13
[Mempool] Injected transaction ac721240bdcce624c06955682f4d6bd3009475c0256380050d7fdc0077ae92bd into queue. Queue size: 14
[Mempool] Injected transaction 1cca8e32082a5512eb282a8a115468a96a3b8202d5894391d9c84be9f170fca0 into queue. Queue size: 15
[Mempool] Injected transaction 9dea7aab5ecd8ecb76c05fec902bd28ab56a1eec7e572f170fa911258536e59c into queue. Queue size: 16
[Mempool] Injected transaction bb49d923d0ae4e28f1ac6f65e4b0f0283089e2c86843931c246d48de927f6047 into queue. Queue size: 17
[Mempool] Injected transaction da1340c925c47cdc545eb3f4e0d6ad6135e927ecadae2c8cf116af3ca3cfdca6 into queue. Queue size: 18
[Mempool] Injected transaction ceab0d09f36dd7998549192a63b9c53589848c4f417da2d3c658eaaa615a5062 into queue. Queue size: 19
[Mempool] Injected transaction 6458ce053f906bd750ce3cb9f28bafaf6f4574e2d921bfb2c2ecc2192c50f4d0 into queue. Queue size: 20
[Mempool] Injected transaction a15f4dc1325d50b5c30ea75fba67721ebb49d03d4364a22b62743dcc1c4bbc9f into queue. Queue size: 21
[Mempool] Injected transaction 8048e7c61ac5591fba97bf9aa787bdf854e4325b48aa04446893af6dd44c7043 into queue. Queue size: 22
[Mempool] Injected transaction 4b0a1783d8e0908dd7c52ba7daface6a8759f68f614e82ba4b470a0af5dc9e79 into queue. Queue size: 23
[Mempool] Injected transaction 6d4f08445bbc44be98f7f4de52c46c5a9d422b802a94df9a5be28f1842cfd797 into queue. Queue size: 24
[Mempool] Injected transaction fb1bdc6fbead8042dd20645b93962fe76f0686d6d8d309d9ac46ec2ec7b3a318 into queue. Queue size: 25
[Mempool] Injected transaction 070f9eb5ded3cbf1c63e81902ea97af6ea754868394a08966f0a23e3f8f5d8d2 into queue. Queue size: 26
[Mempool] Injected transaction f70948fc662fb233bd5a60197a98814b9b10820616d763111e8198c69418b92d into queue. Queue size: 27
[Mempool] Injected transaction b09eeea12a3612dfa2bfbef8437969d64094f2fbf512f708d39157b18c85481d into queue. Queue size: 28
[Mempool] Injected transaction 0ebda49815dee051bb2c8b612fc6f6a7d3a02571a2e181ad0fb9cdea4259b579 into queue. Queue size: 29
[Mempool] Injected transaction 698f67bc96a4306a60c30c13f0c4546c8b3fd32e297c645337dc302b729ee3dc into queue. Queue size: 30
[Mempool] Injected transaction 82c5f14c010e1d253bc32c67ca752429ec699bfb3315aa990e3c3025fd49a63a into queue. Queue size: 31
[Mempool] Injected transaction cf810b5225b1e0743edd32640f11c291e45695013b2d1afb2825c52ce7a449b6 into queue. Queue size: 32
[Mempool] Injected transaction fa694a22e6825c56ea0f9486ff5aa084142bf83c6a63c6326ff0f1cb1f722b7e into queue. Queue size: 33
[Mempool] Injected transaction 00c92a47ee5c03abfc9c65402cf5a4b4dfa784b2724225232a51ed0f2dcb38ed into queue. Queue size: 34
[Mempool] Injected transaction 4859497d3b900830ea00fd7d4e58feaa1fb070b8779efecc7a25b3065606b17d into queue. Queue size: 35
[Mempool] Injected transaction 52644bc0fa4a4c3d303988f5730b072c37703ad13c6d212e9458fb3fdac20756 into queue. Queue size: 36
[Mempool] Injected transaction 2e23f6b69bef7731c65e24c4af57655ca8f844750b453c0b87e4d22141d71c8e into queue. Queue size: 37
[Mempool] Injected transaction dd39b76971c94721dffc4ceea42cadcb0404303a2758522a2e54cacf731eb678 into queue. Queue size: 38
[Mempool] Injected transaction f6f31367fe65fe8deebd1e0bf9bb6f8c3d531985308de581a5f9256eeb7105a8 into queue. Queue size: 39
[Mempool] Injected transaction d87f32d4ff471de7ac4e480973abbff80aa02916808d7ced81ad5384ec5791fd into queue. Queue size: 40
[Mempool] Injected transaction 3002fb5da3a1696ca0751915ffce44ddc1c7a4d58425749b4563a59072ce1c35 into queue. Queue size: 41
[Mempool] Injected transaction c809d2154b049322d8a41082af288ed81b0c2bdf844fefa73bec319adc5e2f43 into queue. Queue size: 42
[Mempool] Injected transaction f1589d0a2f95d63294349969dcf52090aff2bd5452f1753f8ba832b50e8b8778 into queue. Queue size: 43
[Mempool] Injected transaction cb535301cce91876d35788d85e7f27b23d901f00990d3cb22b8ecfa8c9ce8b18 into queue. Queue size: 44
[Mempool] Injected transaction 143116f2043a1a9b5f3e5a43d35eb8caedeb0e92a6eb93fb5fe9c14decbc4647 into queue. Queue size: 45
[Mempool] Injected transaction 2b0702ce1d04fa51c0ec212853990eabfa51e58205aab62984c5971108599fd2 into queue. Queue size: 46
[Mempool] Injected transaction f6b3c3223a065b7d3c988383df60e5f91a9509a5281157060cfdaf1d879938d5 into queue. Queue size: 47
[Mempool] Injected transaction a6eaae6a1be41a2bd2e94377724ac7bb72c47dc03b61532b35fbf1aaf5e257b0 into queue. Queue size: 48
[Mempool] Injected transaction 502ecdac69c51384720f7c700123292e15d594f320a4fdc173f6210b4ffdd388 into queue. Queue size: 49
[Mempool] Injected transaction f0c5e9d26879de6d6eceee535a07443d5a7678c6920e80894993d3039e200d89 into queue. Queue size: 50
[Mempool] Injected transaction bf3241cdd8fca8ff3480e18f3f29221ea5b2bfb956c5dba95b360ae6d084e75b into queue. Queue size: 51
[Mempool] Injected transaction 821de4b87dd47721b3f0eaf36a625d6f2a73b9a59ce9cf17eeb0dc06a96bf674 into queue. Queue size: 52
[Mempool] Injected transaction e1f6fe2d6fb3af3e26645596c205ca4461309c9c3f95e6d7c62984cea6ccb44c into queue. Queue size: 53
[Mempool] Injected transaction ac65588714cc86f858a6f3f08677f9c7e00fac6e1cc295ad525a5b4411323ac4 into queue. Queue size: 54
[Mempool] Injected transaction 0091f0200bb4c1bec9b226de160e86c2b419dd2b3fd789e7ee389645d36da43c into queue. Queue size: 55
[Mempool] Injected transaction 4e4dd802ecd790e95eb9e6c001a0b5944a4b4ce241e0c196c92464e704782b95 into queue. Queue size: 56
[Mempool] Injected transaction 31a623e3681afa7202705c5316f7b0678877d85029c06b9d17e75ba5467be017 into queue. Queue size: 57
[Mempool] Injected transaction 2a381ef717f899069804d2f2780f60153079f406788380674ceb0d37f3d32267 into queue. Queue size: 58
[Mempool] Injected transaction deff45f07ed639139f32629baeb6e6b3cab49e91c2353c6ab4b0396ddbdf9ea2 into queue. Queue size: 59
[Mempool] Injected transaction 629da88960a97a70cd1d1ae5b7f9efeece71c80f6fc98ddb6bca40edabb00f17 into queue. Queue size: 60
[Mempool] Injected transaction 73db7be8fb2dd127de8e1750580142b7bf2f7e2e675b84519113f668b3a4848e into queue. Queue size: 61
[Mempool] Injected transaction d66a31c95f0a9a362fffa72a11aab082d99f950045317ccb4687f5dd92329c0c into queue. Queue size: 62
[Mempool] Injected transaction 029514a4e1b7a4f665201551dd5d25c7c4f803e6dc2152c80adde8179d6e0d75 into queue. Queue size: 63
[Mempool] Injected transaction e43317b738297bc3c317f604b9544f59968a0427f7ae2b7c344d4f0dec6ee49d into queue. Queue size: 64
[Mempool] Injected transaction 4574d00ec21bf47e85a1fabc04bc6b102f83364964d4ac7b522ef4e055f8ec6b into queue. Queue size: 65
[Mempool] Injected transaction b43df97f4db2e08879d4489a375a3d666354b367b09ee4703edda297ed8c030a into queue. Queue size: 66
[Mempool] Injected transaction a1c0b207884fa1f1cc8dec6ee0f12bf6f74736c445b6da3c3f7136b36837274a into queue. Queue size: 67
[Mempool] Injected transaction 676499fa9541394b834c142697e54e79d27daf0738090c6be3bf8feeabf7e51e into queue. Queue size: 68
[Mempool] Injected transaction 47fb2423acdcf6a15e0544e74c0a98a5af4e287a97cca76c6178de0d95088f78 into queue. Queue size: 69
[Mempool] Injected transaction 1c7bf4685d15b192581505d9f4d9f080aa982a46665b9c695f2e80f21305bb18 into queue. Queue size: 70
[Mempool] Injected transaction 397788ba4c3341e3a1347f8a8bb14d6228d1ce7f2b92683eff271ce379eb5a54 into queue. Queue size: 71
[Mempool] Injected transaction e7febeb3a08f38b3e6da9189b678f84eff62b5f7785849ae7b1317ffdba5d552 into queue. Queue size: 72
[Mempool] Injected transaction de0a904d2dfb64ea10ba559e6fb49e9fc30fc08355866e1a4b5280af82988970 into queue. Queue size: 73
[Mempool] Injected transaction d1ea007b514534e7262f08ff3f4cbd5f2b2e69502469c631daed8d1ac0916c4f into queue. Queue size: 74
[Mempool] Injected transaction fa40f93ca0e8117ba3e2ffa8db2a5a0301ecdb29786fc6765f64ccef7f012baf into queue. Queue size: 75
[Mempool] Injected transaction 2b93823039cdb08bac277d008f0fd6a51082080327208efa4026e6da2785b35b into queue. Queue size: 76
[Mempool] Injected transaction d5e3bff969e701348631a4b33811eac30151981e8bf2de9a5890d2be23829c94 into queue. Queue size: 77
[Mempool] Injected transaction 62ef2cf40c1a9a608561edd758f6409a07d6eaad98d56fb3188d76a8348a5ea8 into queue. Queue size: 78
[Mempool] Injected transaction 51782ec14a96498e9664321fae85e0ec196f0e969707bac7eecdb3a5b158889b into queue. Queue size: 79
[Mempool] Injected transaction f93ce40426102f61f2d2993b68dc9a72b79e9c00e306d76b27690edbbbe74bfe into queue. Queue size: 80
[Mempool] Injected transaction 3de7cd0e41ddab90c1725cefd785fbd84e0f7f50cc41153676803cd9e3ec878f into queue. Queue size: 81
[Mempool] Injected transaction 1de1f0a4b93866c1e9062622b9c526201c95b4ebafa430569d9a031e1cfdd9ba into queue. Queue size: 82
[Mempool] Injected transaction 0ac8544e1c4eb9ec5a45d0f7f4b9d4b70939d99d15092c87ddff6e3ebd94e0bb into queue. Queue size: 83
[Mempool] Injected transaction 1de0eb9ece9068cb4e3f62011f5308b7841e6d7cb82c1717352ccab6a71d7552 into queue. Queue size: 84
[Mempool] Injected transaction bc1569bd5665bf4ab38d4fda9fdd46a6a3b2e61280fce21ca4c2db566acf3d72 into queue. Queue size: 85
[Mempool] Injected transaction 48cedfe1cd29228a7f36b9acec2b9e05c8e7fcd1568d8205d917e95cd36e2b76 into queue. Queue size: 86
[Mempool] Injected transaction 27612c4580c6abecf8dc9980f9d78a32065f024e959d7ffe692c1980ed2e54b1 into queue. Queue size: 87
[Mempool] Injected transaction fec82eb864ad448e610f989e6a8aac0e21e1fba0f1837c41588709b8a80ac587 into queue. Queue size: 88
[Mempool] Injected transaction 7c3f1b041d403aca124da2cd926971037fc085d2d7a26376c46e88905dc8e5de into queue. Queue size: 89
[Mempool] Injected transaction 6068e77c788d3e9afe771fd1b1494d7b86d2c3cc2064f8fe6abe59485eac794d into queue. Queue size: 90
[Mempool] Injected transaction e9be474ff024af246d1bb66aac562b43f1bea1d599530c93ae9b0632bd3c98ce into queue. Queue size: 91
[Mempool] Injected transaction 59de8bdbee807c86ce1574c9abaa7c33c54cc806908e0721fd6e44cb788e775b into queue. Queue size: 92
[Mempool] Injected transaction ed54fb81c163d0aaab31eaaa257979d61f49c3a388c901b05a18f17dcf907203 into queue. Queue size: 93
[Mempool] Injected transaction cd235fd3cf52a98d79df835766142b5a1e0008bb2479ceada107cd92b8d07d91 into queue. Queue size: 94
[Mempool] Injected transaction 7781a3bd1e616e43bf57b5678d333f3f948f539ef80addf55f6db435f0a340ca into queue. Queue size: 95
[Mempool] Injected transaction a38930a13e87347f655492636788ba4e7151ad08d70b194f87da8ccd1f4583f9 into queue. Queue size: 96
[Mempool] Injected transaction c1cd1004282322f16a3fc413c4690732954b2edd994622809f38b7a3f30ddd45 into queue. Queue size: 97
[Mempool] Injected transaction af8860e2e002993a4f7a66a94af0843718904d1bc38713a3356dc28afaef090a into queue. Queue size: 98
[Mempool] Injected transaction ee9e45e85a2b4b54c680ee053044bd537de670911adb85823a49fadb38db2bd2 into queue. Queue size: 99
[Mempool] Injected transaction 3baa28c6cdf94c6135344554b232e5aeec89387b4d21c9fcc6a889f4d8fa07ad into queue. Queue size: 100
[Mempool] Confirmed and deleted 10 transactions. Queue size: 90
[Mempool] Confirmed and deleted 0 transactions. Queue size: 90
[Mempool] Confirmed and deleted 0 transactions. Queue size: 90
[Mempool] Confirmed and deleted 0 transactions. Queue size: 90
[Mempool] Confirmed and deleted 0 transactions. Queue size: 90
[Mempool] Confirmed and deleted 0 transactions. Queue size: 90
[Mempool] Confirmed and deleted 0 transactions. Queue size: 90
[Mempool] Confirmed and deleted 0 transactions. Queue size: 90
[Mempool] Confirmed and deleted 0 transactions. Queue size: 90
[Mempool] Confirmed and deleted 0 transactions. Queue size: 90
[Mempool] Confirmed and deleted 10 transactions. Queue size: 80
[Mempool] Confirmed and deleted 0 transactions. Queue size: 80
[Mempool] Confirmed and deleted 0 transactions. Queue size: 80
[Mempool] Confirmed and deleted 0 transactions. Queue size: 80
[Mempool] Confirmed and deleted 0 transactions. Queue size: 80
[Mempool] Confirmed and deleted 0 transactions. Queue size: 80
[Mempool] Confirmed and deleted 0 transactions. Queue size: 80
[Mempool] Confirmed and deleted 0 transactions. Queue size: 80
[Mempool] Confirmed and deleted 0 transactions. Queue size: 80
[Mempool] Confirmed and deleted 0 transactions. Queue size: 80
[Mempool] Confirmed and deleted 10 transactions. Queue size: 70
[Mempool] Confirmed and deleted 0 transactions. Queue size: 70
[Mempool] Confirmed and deleted 0 transactions. Queue size: 70
[Mempool] Confirmed and deleted 0 transactions. Queue size: 70
[Mempool] Confirmed and deleted 0 transactions. Queue size: 70
[Mempool] Confirmed and deleted 0 transactions. Queue size: 70
[Mempool] Confirmed and deleted 0 transactions. Queue size: 70
[Mempool] Confirmed and deleted 0 transactions. Queue size: 70
[Mempool] Confirmed and deleted 0 transactions. Queue size: 70
[Mempool] Confirmed and deleted 0 transactions. Queue size: 70
[Mempool] Confirmed and deleted 10 transactions. Queue size: 60
[Mempool] Confirmed and deleted 0 transactions. Queue size: 60
[Mempool] Confirmed and deleted 0 transactions. Queue size: 60
[Mempool] Confirmed and deleted 0 transactions. Queue size: 60
[Mempool] Confirmed and deleted 0 transactions. Queue size: 60
[Mempool] Confirmed and deleted 0 transactions. Queue size: 60
[Mempool] Confirmed and deleted 0 transactions. Queue size: 60
[Mempool] Confirmed and deleted 0 transactions. Queue size: 60
[Mempool] Confirmed and deleted 0 transactions. Queue size: 60
[Mempool] Confirmed and deleted 0 transactions. Queue size: 60
[Mempool] Confirmed and deleted 10 transactions. Queue size: 50
[Mempool] Confirmed and deleted 0 transactions. Queue size: 50
[Mempool] Confirmed and deleted 0 transactions. Queue size: 50
[Mempool] Confirmed and deleted 0 transactions. Queue size: 50
[Mempool] Confirmed and deleted 0 transactions. Queue size: 50
[Mempool] Confirmed and deleted 0 transactions. Queue size: 50
[Mempool] Confirmed and deleted 0 transactions. Queue size: 50
[Mempool] Confirmed and deleted 0 transactions. Queue size: 50
[Mempool] Confirmed and deleted 0 transactions. Queue size: 50
[Mempool] Confirmed and deleted 0 transactions. Queue size: 50
[Mempool] Confirmed and deleted 10 transactions. Queue size: 40
[Mempool] Confirmed and deleted 0 transactions. Queue size: 40
[Mempool] Confirmed and deleted 0 transactions. Queue size: 40
[Mempool] Confirmed and deleted 0 transactions. Queue size: 40
[Mempool] Confirmed and deleted 0 transactions. Queue size: 40
[Mempool] Confirmed and deleted 0 transactions. Queue size: 40
[Mempool] Confirmed and deleted 0 transactions. Queue size: 40
[Mempool] Confirmed and deleted 0 transactions. Queue size: 40
[Mempool] Confirmed and deleted 0 transactions. Queue size: 40
[Mempool] Confirmed and deleted 0 transactions. Queue size: 40
[Mempool] Confirmed and deleted 10 transactions. Queue size: 30
