╔══════════════════════════════════════════════════════╗
║  Distributed Blockchain — Algorand BFT Consensus     ║
╠══════════════════════════════════════════════════════╣
║  Node       : 100 / 9                                    ║
║  Port       : 9100                                      ║
║  DB         : nodes/node_100.db                          ║
║  Mempool API: http://localhost:8080                        ║
║  EventBus   : amqp://localhost:5672                 ║
╚══════════════════════════════════════════════════════╝


[Node 100] ==================== STARTING ====================
[Node 100] Port=9100 DB=nodes/node_100.db
WARNING: A restricted method in java.lang.System has been called
WARNING: java.lang.System::load has been called by org.sqlite.SQLiteJDBCLoader in an unnamed module (file:/Users/khoale/Downloads/Distributed_System/target/blockchain.jar)
WARNING: Use --enable-native-access=ALL-UNNAMED to avoid a warning for callers in this module
WARNING: Restricted methods will be blocked in a future release unless native access is enabled

[DB] Initialized: nodes/node_100.db
[Wallet] Loaded identity from DB.
[Wallet] Address : 85489593bd26c8821f4b66d98ac226ca4e7ee6c8
[EventGateway] Connected to RabbitMQ at amqp://localhost:5672
[NetworkEngine] Listening on :9100
[NetworkEngine] Started on port 9100 | Seeds: [localhost:9000, localhost:9001, localhost:9002, localhost:9003, localhost:9004, localhost:9005, localhost:9006, localhost:9007, localhost:9008, localhost:9009]
[SharedBuffer] Initialized HTTP Client. Backend: http://localhost:8080
[SharedBuffer] Fetching next batch via HTTP...
[NetworkEngine] Connected: 127.0.0.1:9000
[CatchupService] Started background sync daemon.
[ConsensusEngine] Started.
[Node 100] ==================== RUNNING ====================

[Main] Node is running. Press Ctrl+C to stop.
[ConsensusEngine] Resuming from round 1

[ConsensusEngine] ========== ROUND 1 ==========
[SharedBuffer] fetchNextBatchSync error: Connection refused
[SharedBuffer] fetchNextBatch async error: java.net.ConnectException: Connection refused
[SharedBuffer] fetchNextBatchSync error: Connection refused
[SharedBuffer] fetchNextBatchSync error: Connection refused
[SharedBuffer] fetchNextBatchSync error: Connection refused
[SharedBuffer] fetchNextBatchSync error: Connection refused
[Node 100] Shutting down...
