╔══════════════════════════════════════════════════════╗
║  Distributed Blockchain — Algorand BFT Consensus     ║
╠══════════════════════════════════════════════════════╣
║  Node       : 4 / 4                                    ║
║  Port       : 9004                                      ║
║  DB         : nodes/node_4.db                          ║
║  Mempool API: http://localhost:8080                        ║
║  EventBus   : amqp://localhost:5672                 ║
╚══════════════════════════════════════════════════════╝


[Node 4] ==================== STARTING ====================
[Node 4] Port=9004 DB=nodes/node_4.db
WARNING: A restricted method in java.lang.System has been called
WARNING: java.lang.System::load has been called by org.sqlite.SQLiteJDBCLoader in an unnamed module (file:/Users/khoale/Downloads/Distributed_System/target/blockchain.jar)
WARNING: Use --enable-native-access=ALL-UNNAMED to avoid a warning for callers in this module
WARNING: Restricted methods will be blocked in a future release unless native access is enabled

[DB] Initialized: nodes/node_4.db
[Node 4] Loaded genesis identity.
[Node 4] FIRST BOOT — injecting genesis state.
[DB] Genesis block + 5 accounts + 5 synthetic stake txs injected.
[EventGateway] Connected to RabbitMQ at amqp://localhost:5672
[NetworkEngine] Listening on :9004
[NetworkEngine] Connected: 127.0.0.1:9000
[NetworkEngine] Connected: 127.0.0.1:9002
[NetworkEngine] Connected: 127.0.0.1:9003
[NetworkEngine] Connected: 127.0.0.1:9001
[NetworkEngine] Started on port 9004 | Seeds: [localhost:9000, localhost:9001, localhost:9002, localhost:9003]
[SharedBuffer] Initialized HTTP Client. Backend: http://localhost:8080
[SharedBuffer] Fetching next batch via HTTP...
[ConsensusEngine] Started.
[Node 4] ==================== RUNNING ====================

[ConsensusEngine] Resuming from round 1
[Main] Node is running. Press Ctrl+C to stop.

[ConsensusEngine] ========== ROUND 1 ==========
[ConsensusEngine] Captured 0 txs for round 1
[Phase 1] Value Propose — round=1
[Phase 1] Sortition: myStake=5000 totalStake=25000 weight=3
[Phase 1] ✨ ELECTED AS PROPOSER (weight=3)
[Phase 1] Using 0 valid transactions from captured batch.
[Phase 1] Proposed block: [Block #1 | txs=0 | hash=869bf5e5]
[Phase 2] Pre-Validation — collecting proposals...
[SharedBuffer] Batch 1 ready: 0 transactions staged.
[NetworkEngine] Connected: 127.0.0.1:56576
[NetworkEngine] Connected: 127.0.0.1:56581
[NetworkEngine] Connected: 127.0.0.1:56582
[NetworkEngine] Connected: 127.0.0.1:56584
[Phase 2] Collected 1 proposals.
[Phase 2] Best_Proposal = 869bf5e5
[Phase 3] Filter — checking election...
[Phase 3] Sortition weight=190
[Phase 3] ✨ ELECTED AS VOTER (weight=190) — voting for: 869bf5e5
[Phase 4] Resolving Filter — counting soft votes...
[Phase 4] Timeout — no supermajority. BBA_Choice = BOTTOM
[Phase 5] BBA* Micro-Loop — initial choice: BOTTOM
[NetworkEngine] Certificate COMPLETE! round=1 hash=00000000 weight=799
[Phase 5] Certificate interrupt — BBA* complete.
[Phase 6] Halting Condition — finalWinner=BOTTOM
[SharedBuffer] CertificateEvent | round=1 | isBottom=true | flushing 0 transactions
[SharedBuffer] Staging area flushed.
[SharedBuffer] Fetching next batch via HTTP...
[Phase 6] CertifyVote gossiped (weight=169)
[Phase 6] Waiting for BlockCertificate...
[Phase 6] Certificate: [Certificate round=1 | hash=00000000 | weight=799 | votes=4]
[Phase 6] BOTTOM round — creating empty block.
[StateEngine] Block applied: [Block #1 | txs=0 | hash=44924618]
[Phase 6] Round 1 complete. Advancing to round 2.
[EMATimeout] Round took 12053ms | EMA=6416ms | next=9623ms
[ConsensusEngine] Round 1 complete in 12053ms

[ConsensusEngine] ========== ROUND 2 ==========
[ConsensusEngine] Captured 0 txs for round 2
[Phase 1] Value Propose — round=2
[Phase 1] Sortition: myStake=5000 totalStake=25000 weight=4
[Phase 1] ✨ ELECTED AS PROPOSER (weight=4)
[Phase 1] Using 0 valid transactions from captured batch.
[Phase 1] Proposed block: [Block #2 | txs=0 | hash=bcbe09c3]
[Phase 2] Pre-Validation — collecting proposals...
[RateLimit] Banning IP for 60s: 127.0.0.1
[SharedBuffer] Batch 1 ready: 0 transactions staged.
[Phase 2] Collected 1 proposals.
[Phase 2] Best_Proposal = bcbe09c3
[Phase 3] Filter — checking election...
[Phase 3] Sortition weight=203
[Phase 3] ✨ ELECTED AS VOTER (weight=203) — voting for: bcbe09c3
[Phase 4] Resolving Filter — counting soft votes...
[Phase 4] Certificate interrupt — advancing to Phase 6.
[Phase 5] BBA* Micro-Loop — initial choice: BOTTOM
[Phase 5] Certificate interrupt — BBA* complete.
[Phase 6] Halting Condition — finalWinner=BOTTOM
[Phase 6] CertifyVote gossiped (weight=200)
[Phase 6] Waiting for BlockCertificate...
[Phase 6] Skipping stale cert from round=1 (expected=2)
[Phase 6] Skipping stale cert from round=1 (expected=2)
[Phase 6] Skipping stale cert from round=1 (expected=2)
[Phase 6] Skipping stale cert from round=1 (expected=2)
[Phase 6] Skipping stale cert from round=1 (expected=2)
[Phase 6] Certificate timeout — treating as BOTTOM.
[Phase 6] Certificate: [Certificate round=2 | hash=00000000 | weight=0 | votes=0]
[Phase 6] BOTTOM round — creating empty block.
[StateEngine] Block applied: [Block #2 | txs=0 | hash=7a1381c2]
[Phase 6] Round 2 complete. Advancing to round 3.
[EMATimeout] Round took 30330ms | EMA=13590ms | next=10000ms
[ConsensusEngine] Round 2 complete in 30330ms

[ConsensusEngine] ========== ROUND 3 ==========
[ConsensusEngine] Captured 0 txs for round 3
[Phase 1] Value Propose — round=3
[Phase 1] Sortition: myStake=5000 totalStake=25000 weight=6
[Phase 1] ✨ ELECTED AS PROPOSER (weight=6)
[Phase 1] Using 0 valid transactions from captured batch.
[Phase 1] Proposed block: [Block #3 | txs=0 | hash=57831dd9]
[Phase 2] Pre-Validation — collecting proposals...
[Phase 2] Collected 1 proposals.
[Phase 2] Best_Proposal = 57831dd9
[Phase 3] Filter — checking election...
[Phase 3] Sortition weight=217
[Phase 3] ✨ ELECTED AS VOTER (weight=217) — voting for: 57831dd9
[Phase 4] Resolving Filter — counting soft votes...
[Phase 4] Timeout — no supermajority. BBA_Choice = BOTTOM
[Phase 5] BBA* Micro-Loop — initial choice: BOTTOM
[Phase 5] Deadlock — running Common Coin (iter=1)
[Phase 5] Global Coin = 1fc850593446854b...
[Phase 5] Coin=ODD → BBA_Choice=BOTTOM
[Phase 5] BBA* converged: BOTTOM (w=786)
[Phase 6] Halting Condition — finalWinner=BOTTOM
[Phase 6] CertifyVote gossiped (weight=207)
[Phase 6] Waiting for BlockCertificate...
[NetworkEngine] Certificate COMPLETE! round=3 hash=00000000 weight=809
[SharedBuffer] CertificateEvent | round=3 | isBottom=true | flushing 0 transactions
[SharedBuffer] Staging area flushed.
[SharedBuffer] Fetching next batch via HTTP...
[Phase 6] Certificate: [Certificate round=3 | hash=00000000 | weight=809 | votes=4]
[Phase 6] BOTTOM round — creating empty block.
[StateEngine] Block applied: [Block #3 | txs=0 | hash=c0b59dd2]
[Phase 6] Round 3 complete. Advancing to round 4.
[EMATimeout] Round took 40083ms | EMA=21538ms | next=10000ms
[ConsensusEngine] Round 3 complete in 40083ms

[ConsensusEngine] ========== ROUND 4 ==========
[ConsensusEngine] Captured 0 txs for round 4
[Phase 1] Value Propose — round=4
[Phase 1] Sortition: myStake=5000 totalStake=25000 weight=4
[Phase 1] ✨ ELECTED AS PROPOSER (weight=4)
[Phase 1] Using 0 valid transactions from captured batch.
[Phase 1] Proposed block: [Block #4 | txs=0 | hash=a509d75f]
[Phase 2] Pre-Validation — collecting proposals...
[Phase 2] Collected 2 proposals.
[Phase 2] Best_Proposal = 98d2f611
[Phase 3] Filter — checking election...
[Phase 3] Sortition weight=202
[Phase 3] ✨ ELECTED AS VOTER (weight=202) — voting for: 98d2f611
[Phase 4] Resolving Filter — counting soft votes...
[Phase 4] Certificate interrupt — advancing to Phase 6.
[Phase 5] BBA* Micro-Loop — initial choice: BOTTOM
[Phase 5] Certificate interrupt — BBA* complete.
[Phase 6] Halting Condition — finalWinner=BOTTOM
[Phase 6] CertifyVote gossiped (weight=204)
[Phase 6] Waiting for BlockCertificate...
[Phase 6] Skipping stale cert from round=3 (expected=4)
[Phase 6] Skipping stale cert from round=3 (expected=4)
[NetworkEngine] Equivocation! round=4
[Phase 6] Skipping stale cert from round=3 (expected=4)
[RateLimit] Banning IP for 60s: 127.0.0.1
[SharedBuffer] Batch 1 ready: 0 transactions staged.
[Phase 6] Certificate timeout — treating as BOTTOM.
[Phase 6] Certificate: [Certificate round=4 | hash=00000000 | weight=0 | votes=0]
[Phase 6] BOTTOM round — creating empty block.
[StateEngine] Block applied: [Block #4 | txs=0 | hash=8ee20b4e]
[Phase 6] Round 4 complete. Advancing to round 5.
[EMATimeout] Round took 30141ms | EMA=24119ms | next=10000ms
[ConsensusEngine] Round 4 complete in 30141ms

[ConsensusEngine] ========== ROUND 5 ==========
[ConsensusEngine] Captured 0 txs for round 5
[Phase 1] Value Propose — round=5
[Phase 1] Sortition: myStake=5000 totalStake=25000 weight=2
[Phase 1] ✨ ELECTED AS PROPOSER (weight=2)
[Phase 1] Using 0 valid transactions from captured batch.
[Phase 1] Proposed block: [Block #5 | txs=0 | hash=48be1584]
[Phase 2] Pre-Validation — collecting proposals...
[Phase 2] Collected 1 proposals.
[Phase 2] Best_Proposal = 48be1584
[Phase 3] Filter — checking election...
[Phase 3] Sortition weight=187
[Phase 3] ✨ ELECTED AS VOTER (weight=187) — voting for: 48be1584
[Phase 4] Resolving Filter — counting soft votes...
[Phase 4] Timeout — no supermajority. BBA_Choice = BOTTOM
[Phase 5] BBA* Micro-Loop — initial choice: BOTTOM
[Phase 5] Deadlock — running Common Coin (iter=1)
[Phase 5] Global Coin = 10b7d465045ca0ed...
[Phase 5] Coin=EVEN → BBA_Choice=BOTTOM
[Phase 5] Deadlock — running Common Coin (iter=2)
[Phase 5] Global Coin = 506ef3fcb7f954c5...
[Phase 5] Coin=ODD → BBA_Choice=BOTTOM
[Phase 5] Deadlock — running Common Coin (iter=3)
[NetworkEngine] Equivocation! round=4
[Phase 5] Global Coin = 19eba05f9151fe78...
[Phase 5] Coin=EVEN → BBA_Choice=BOTTOM
[Phase 5] Deadlock — running Common Coin (iter=4)
[Phase 5] Global Coin = 0e44eec5f0b62d3e...
[Phase 5] Coin=EVEN → BBA_Choice=BOTTOM
[Phase 5] Deadlock — running Common Coin (iter=5)
[Phase 5] Global Coin = 2dbfe1b6794224ee...
[Phase 5] Coin=ODD → BBA_Choice=BOTTOM
[Phase 5] Deadlock — running Common Coin (iter=6)
[Phase 5] Global Coin = 41c52beec9e9c12d...
[Phase 5] Coin=EVEN → BBA_Choice=BOTTOM
[Phase 5] Deadlock — running Common Coin (iter=7)
[Phase 5] Global Coin = 2e7285eca5d04354...
[Phase 5] Coin=ODD → BBA_Choice=BOTTOM
[Phase 5] Deadlock — running Common Coin (iter=8)
[Phase 5] Global Coin = 0e6d884326c13979...
[Phase 5] Coin=EVEN → BBA_Choice=BOTTOM
[Phase 5] Deadlock — running Common Coin (iter=9)
[Phase 5] Global Coin = 1b89dc344a6c769c...
[Phase 5] Coin=ODD → BBA_Choice=BOTTOM
[Phase 5] Deadlock — running Common Coin (iter=10)
[Phase 5] Global Coin = 210a9759e74d52d9...
[Phase 5] Coin=EVEN → BBA_Choice=BOTTOM
[Phase 5] Deadlock — running Common Coin (iter=11)
[Phase 5] Global Coin = 93c8ec2b09699f4d...
[Phase 5] Coin=EVEN → BBA_Choice=BOTTOM
[Phase 5] Deadlock — running Common Coin (iter=12)
[Phase 5] Global Coin = 7d30e05acedbe019...
[Phase 5] Coin=ODD → BBA_Choice=BOTTOM
[Phase 5] Deadlock — running Common Coin (iter=13)
[Phase 5] Global Coin = 48e18dbd052f9131...
[Phase 5] Coin=EVEN → BBA_Choice=BOTTOM
[Phase 5] Deadlock — running Common Coin (iter=14)
[Phase 5] Global Coin = 2a817884b1a7d326...
[Phase 5] Coin=EVEN → BBA_Choice=BOTTOM
[Phase 5] Deadlock — running Common Coin (iter=15)
[Phase 5] Global Coin = 8a39db1ab3716cbb...
[Phase 5] Coin=ODD → BBA_Choice=BOTTOM
[Phase 5] Deadlock — running Common Coin (iter=16)
[Phase 5] Global Coin = 12da7987af543008...
[Phase 5] Coin=EVEN → BBA_Choice=BOTTOM
[Phase 5] Deadlock — running Common Coin (iter=17)
[Phase 5] Global Coin = 86fc1a4ed95606db...
[Phase 5] Coin=ODD → BBA_Choice=BOTTOM
[Phase 5] Deadlock — running Common Coin (iter=18)
[Phase 5] Global Coin = 3e06a84c0eb9296f...
[Phase 5] Coin=EVEN → BBA_Choice=BOTTOM
[Phase 5] Deadlock — running Common Coin (iter=19)
[Phase 5] Global Coin = 031a78b46538b71e...
[Phase 5] Coin=ODD → BBA_Choice=BOTTOM
[Phase 5] Deadlock — running Common Coin (iter=20)
[Phase 5] Global Coin = 732c7311d519e5e5...
[Phase 5] Coin=ODD → BBA_Choice=BOTTOM
[Phase 5] Deadlock — running Common Coin (iter=21)
[Phase 5] Global Coin = c28735255c03983e...
[Phase 5] Coin=ODD → BBA_Choice=BOTTOM
[Phase 5] Deadlock — running Common Coin (iter=22)
[Phase 5] Global Coin = 180260da9f9a7bf1...
[Phase 5] Coin=EVEN → BBA_Choice=BOTTOM
[Phase 5] Deadlock — running Common Coin (iter=23)
[Phase 5] Global Coin = 170b9f713a7c2b09...
[Phase 5] Coin=EVEN → BBA_Choice=BOTTOM
[Phase 5] Deadlock — running Common Coin (iter=24)
[Phase 5] Global Coin = 094eedb14cd46ca4...
[Phase 5] Coin=EVEN → BBA_Choice=BOTTOM
[Phase 5] Deadlock — running Common Coin (iter=25)
[Phase 5] Global Coin = 1b46abc2795da844...
[Phase 5] Coin=EVEN → BBA_Choice=BOTTOM
[Phase 5] Deadlock — running Common Coin (iter=26)
[Phase 5] Global Coin = 091867cf658f0e1e...
[Phase 5] Coin=ODD → BBA_Choice=BOTTOM
[Phase 5] Deadlock — running Common Coin (iter=27)
[Phase 5] Global Coin = 2c6add0ac2a163bd...
[Phase 5] Coin=EVEN → BBA_Choice=BOTTOM
[Phase 5] Deadlock — running Common Coin (iter=28)
[Phase 5] Global Coin = 47cbfbbd5d5bb74d...
[Phase 5] Coin=EVEN → BBA_Choice=BOTTOM
[Phase 5] Deadlock — running Common Coin (iter=29)
[Phase 5] Global Coin = ab4fe2a1169acd56...
[Phase 5] Coin=EVEN → BBA_Choice=BOTTOM
[Phase 5] Deadlock — running Common Coin (iter=30)
[Phase 5] Global Coin = 373865e452138ec1...
[Phase 5] Coin=EVEN → BBA_Choice=BOTTOM
[Phase 5] Deadlock — running Common Coin (iter=31)
[Phase 5] Global Coin = 73ec56a1f9aa8cfc...
[Phase 5] Coin=ODD → BBA_Choice=BOTTOM
[Phase 5] Deadlock — running Common Coin (iter=32)
[Phase 5] Global Coin = 5b01e532f6e287d2...
[Phase 5] Coin=ODD → BBA_Choice=BOTTOM
[Phase 5] Deadlock — running Common Coin (iter=33)
[Phase 5] Global Coin = 59a64fa51783de1f...
[Phase 5] Coin=ODD → BBA_Choice=BOTTOM
[Phase 5] Deadlock — running Common Coin (iter=34)
[Phase 5] Global Coin = a83a74fb45172759...
[Phase 5] Coin=ODD → BBA_Choice=BOTTOM
[Phase 5] Deadlock — running Common Coin (iter=35)
[Phase 5] Global Coin = 04e8f38c63217047...
[Phase 5] Coin=EVEN → BBA_Choice=BOTTOM
[Phase 5] Deadlock — running Common Coin (iter=36)
[Phase 5] Global Coin = 373637db2cd8395f...
[Phase 5] Coin=ODD → BBA_Choice=BOTTOM
[Phase 5] Deadlock — running Common Coin (iter=37)
[Phase 5] Global Coin = 52000e73530a22b1...
[Phase 5] Coin=EVEN → BBA_Choice=BOTTOM
[Phase 5] Deadlock — running Common Coin (iter=38)
[Phase 5] Global Coin = 4001db75d4e22ec5...
[Phase 5] Coin=EVEN → BBA_Choice=BOTTOM
[Phase 5] Deadlock — running Common Coin (iter=39)
[Phase 5] Global Coin = 158f2b2e4e940a61...
[Phase 5] Coin=ODD → BBA_Choice=BOTTOM
[Phase 5] Deadlock — running Common Coin (iter=40)
[Phase 5] Global Coin = 7480618dce429058...
[Phase 5] Coin=ODD → BBA_Choice=BOTTOM
[Phase 5] Deadlock — running Common Coin (iter=41)
[Phase 5] Global Coin = 15e50e1ea13f5a38...
[Phase 5] Coin=EVEN → BBA_Choice=BOTTOM
[Phase 5] Deadlock — running Common Coin (iter=42)
[Phase 5] Global Coin = 550fe4112019fca7...
[Phase 5] Coin=EVEN → BBA_Choice=BOTTOM
[Phase 5] Deadlock — running Common Coin (iter=43)
[Phase 5] Global Coin = 7446d2d51d992807...
[Phase 5] Coin=ODD → BBA_Choice=BOTTOM
[Phase 5] Deadlock — running Common Coin (iter=44)
[Phase 5] Global Coin = 070f6643acc612d6...
[Phase 5] Coin=EVEN → BBA_Choice=BOTTOM
[Phase 5] Deadlock — running Common Coin (iter=45)
[Phase 5] Global Coin = 5aad5f54a992f562...
[Phase 5] Coin=ODD → BBA_Choice=BOTTOM
[Phase 5] Deadlock — running Common Coin (iter=46)
[Phase 5] Global Coin = 5badf580c8b5930e...
[Phase 5] Coin=ODD → BBA_Choice=BOTTOM
[Phase 5] Deadlock — running Common Coin (iter=47)
[Phase 5] Global Coin = 2b9e29074ad66345...
[Phase 5] Coin=ODD → BBA_Choice=BOTTOM
[Phase 5] Deadlock — running Common Coin (iter=48)
[Phase 5] Global Coin = 677a3c4151225267...
[Phase 5] Coin=ODD → BBA_Choice=BOTTOM
[Phase 5] Deadlock — running Common Coin (iter=49)
[Phase 5] Global Coin = e42374f041a71e21...
[Phase 5] Coin=EVEN → BBA_Choice=BOTTOM
[Phase 5] Deadlock — running Common Coin (iter=50)
[Phase 5] Global Coin = bcab1d00d1b1d9ec...
[Phase 5] Coin=EVEN → BBA_Choice=BOTTOM
[Phase 5] PANIC LIMIT reached — Recovery Mode.
[ConsensusEngine] RECOVERY MODE — waiting for network certificate...
