╔══════════════════════════════════════════════════════╗
║  Distributed Blockchain — Algorand BFT Consensus     ║
╠══════════════════════════════════════════════════════╣
║  Node       : 2 / 4                                    ║
║  Port       : 9002                                      ║
║  DB         : nodes/node_2.db                          ║
║  Mempool API: http://localhost:8080                        ║
║  EventBus   : amqp://localhost:5672                 ║
╚══════════════════════════════════════════════════════╝


[Node 2] ==================== STARTING ====================
[Node 2] Port=9002 DB=nodes/node_2.db
WARNING: A restricted method in java.lang.System has been called
WARNING: java.lang.System::load has been called by org.sqlite.SQLiteJDBCLoader in an unnamed module (file:/Users/khoale/Downloads/Distributed_System/target/blockchain.jar)
WARNING: Use --enable-native-access=ALL-UNNAMED to avoid a warning for callers in this module
WARNING: Restricted methods will be blocked in a future release unless native access is enabled

[DB] Initialized: nodes/node_2.db
[Node 2] Loaded genesis identity.
[Node 2] FIRST BOOT — injecting genesis state.
[DB] Genesis block + 5 accounts + 5 synthetic stake txs injected.
[EventGateway] Connected to RabbitMQ at amqp://localhost:5672
[NetworkEngine] Listening on :9002
[NetworkEngine] Started on port 9002 | Seeds: [localhost:9000, localhost:9001, localhost:9003, localhost:9004]
[SharedBuffer] Initialized HTTP Client. Backend: http://localhost:8080
[SharedBuffer] Fetching next batch via HTTP...
[NetworkEngine] Connected: 127.0.0.1:9001
[ConsensusEngine] Started.
[Node 2] ==================== RUNNING ====================

[Main] Node is running. Press Ctrl+C to stop.
[ConsensusEngine] Resuming from round 1

[ConsensusEngine] ========== ROUND 1 ==========
[ConsensusEngine] Captured 0 txs for round 1
[Phase 1] Value Propose — round=1
[Phase 1] Sortition: myStake=5000 totalStake=25000 weight=3
[Phase 1] ✨ ELECTED AS PROPOSER (weight=3)
[Phase 1] Using 0 valid transactions from captured batch.
[Phase 1] Proposed block: [Block #1 | txs=0 | hash=568e5a46]
[Phase 2] Pre-Validation — collecting proposals...
[SharedBuffer] Batch 1 ready: 0 transactions staged.
[NetworkEngine] Connected: 127.0.0.1:56557
[NetworkEngine] PROPOSAL dropped — bad previousHash: expected=00000000 got=bc4ec1c2
[NetworkEngine] Connected: 127.0.0.1:56563
[NetworkEngine] Equivocation! round=1
[NetworkEngine] Connected: 127.0.0.1:56571
[NetworkEngine] Equivocation! round=1
[NetworkEngine] Connected: 127.0.0.1:56577
[NetworkEngine] Connected: 127.0.0.1:9000
[NetworkEngine] Connected: 127.0.0.1:9003
[NetworkEngine] Connected: 127.0.0.1:9004
[Phase 2] Collected 1 proposals.
[Phase 2] Best_Proposal = 568e5a46
[Phase 3] Filter — checking election...
[Phase 3] Sortition weight=196
[Phase 3] ✨ ELECTED AS VOTER (weight=196) — voting for: 568e5a46
[Phase 4] Resolving Filter — counting soft votes...
[Phase 4] Timeout — no supermajority. BBA_Choice = BOTTOM
[Phase 5] BBA* Micro-Loop — initial choice: BOTTOM
[Phase 5] BBA* converged: BOTTOM (w=804)
[Phase 6] Halting Condition — finalWinner=BOTTOM
[Phase 6] CertifyVote gossiped (weight=214)
[Phase 6] Waiting for BlockCertificate...
[NetworkEngine] Certificate COMPLETE! round=1 hash=00000000 weight=799
[SharedBuffer] CertificateEvent | round=1 | isBottom=true | flushing 0 transactions
[SharedBuffer] Staging area flushed.
[SharedBuffer] Fetching next batch via HTTP...
[Phase 6] Certificate: [Certificate round=1 | hash=00000000 | weight=799 | votes=4]
[Phase 6] BOTTOM round — creating empty block.
[NetworkEngine] PROPOSAL dropped — bad previousHash: expected=00000000 got=44924618
[StateEngine] Block applied: [Block #1 | txs=0 | hash=44924618]
[Phase 6] Round 1 complete. Advancing to round 2.
[NetworkEngine] Certificate COMPLETE! round=1 hash=00000000 weight=968
[EMATimeout] Round took 12484ms | EMA=6545ms | next=9817ms
[ConsensusEngine] Round 1 complete in 12484ms

[ConsensusEngine] ========== ROUND 2 ==========
[ConsensusEngine] Captured 0 txs for round 2
[Phase 1] Value Propose — round=2
[Phase 1] Sortition: myStake=5000 totalStake=25000 weight=4
[Phase 1] ✨ ELECTED AS PROPOSER (weight=4)
[Phase 1] Using 0 valid transactions from captured batch.
[NetworkEngine] Equivocation! round=2
[Phase 1] Proposed block: [Block #2 | txs=0 | hash=17da7b76]
[Phase 2] Pre-Validation — collecting proposals...
[NetworkEngine] Equivocation! round=2
[RateLimit] Banning IP for 60s: 127.0.0.1
[SharedBuffer] Batch 1 ready: 0 transactions staged.
[Phase 2] Collected 1 proposals.
[Phase 2] Best_Proposal = 17da7b76
[Phase 3] Filter — checking election...
[Phase 3] Sortition weight=200
[Phase 3] ✨ ELECTED AS VOTER (weight=200) — voting for: 17da7b76
[Phase 4] Resolving Filter — counting soft votes...
[Phase 4] Certificate interrupt — advancing to Phase 6.
[Phase 5] BBA* Micro-Loop — initial choice: BOTTOM
[Phase 5] Certificate interrupt — BBA* complete.
[Phase 6] Halting Condition — finalWinner=BOTTOM
[Phase 6] CertifyVote gossiped (weight=200)
[Phase 6] Waiting for BlockCertificate...
[Phase 6] Skipping stale cert from round=1 (expected=2)
[Phase 6] Certificate timeout — treating as BOTTOM.
[Phase 6] Certificate: [Certificate round=2 | hash=00000000 | weight=0 | votes=0]
[Phase 6] BOTTOM round — creating empty block.
[StateEngine] Block applied: [Block #2 | txs=0 | hash=7a1381c2]
[Phase 6] Round 2 complete. Advancing to round 3.
[EMATimeout] Round took 30315ms | EMA=13676ms | next=10000ms
[ConsensusEngine] Round 2 complete in 30315ms

[ConsensusEngine] ========== ROUND 3 ==========
[ConsensusEngine] Captured 0 txs for round 3
[Phase 1] Value Propose — round=3
[Phase 1] Sortition: myStake=5000 totalStake=25000 weight=11
[Phase 1] ✨ ELECTED AS PROPOSER (weight=11)
[Phase 1] Using 0 valid transactions from captured batch.
[Phase 1] Proposed block: [Block #3 | txs=0 | hash=0d378b36]
[Phase 2] Pre-Validation — collecting proposals...
[Phase 2] Collected 1 proposals.
[Phase 2] Best_Proposal = 0d378b36
[Phase 3] Filter — checking election...
[Phase 3] Sortition weight=241
[Phase 3] ✨ ELECTED AS VOTER (weight=241) — voting for: 0d378b36
[Phase 4] Resolving Filter — counting soft votes...
[Phase 4] Timeout — no supermajority. BBA_Choice = BOTTOM
[Phase 5] BBA* Micro-Loop — initial choice: BOTTOM
[Phase 5] Deadlock — running Common Coin (iter=1)
[Phase 5] Global Coin = 1fc850593446854b...
[Phase 5] Coin=ODD → BBA_Choice=BOTTOM
[Phase 5] BBA* converged: BOTTOM (w=786)
[Phase 6] Halting Condition — finalWinner=BOTTOM
[Phase 6] CertifyVote gossiped (weight=217)
[Phase 6] Waiting for BlockCertificate...
[NetworkEngine] Certificate COMPLETE! round=3 hash=00000000 weight=809
[SharedBuffer] CertificateEvent | round=3 | isBottom=true | flushing 0 transactions
[SharedBuffer] Staging area flushed.
[SharedBuffer] Fetching next batch via HTTP...
[Phase 6] Certificate: [Certificate round=3 | hash=00000000 | weight=809 | votes=4]
[Phase 6] BOTTOM round — creating empty block.
[StateEngine] Block applied: [Block #3 | txs=0 | hash=c0b59dd2]
[NetworkEngine] PROPOSAL dropped — bad previousHash: expected=7a1381c2 got=c0b59dd2
[NetworkEngine] Equivocation! round=4
[RateLimit] Banning IP for 60s: 127.0.0.1
[Phase 6] Round 3 complete. Advancing to round 4.
[EMATimeout] Round took 40087ms | EMA=21599ms | next=10000ms
[ConsensusEngine] Round 3 complete in 40087ms

[ConsensusEngine] ========== ROUND 4 ==========
[ConsensusEngine] Captured 0 txs for round 4
[Phase 1] Value Propose — round=4
[Phase 1] Sortition: myStake=5000 totalStake=25000 weight=7
[Phase 1] ✨ ELECTED AS PROPOSER (weight=7)
[Phase 1] Using 0 valid transactions from captured batch.
[Phase 1] Proposed block: [Block #4 | txs=0 | hash=42f40fb5]
[Phase 2] Pre-Validation — collecting proposals...
[SharedBuffer] Batch 1 ready: 0 transactions staged.
[Phase 2] Collected 1 proposals.
[Phase 2] Best_Proposal = 42f40fb5
[Phase 3] Filter — checking election...
[Phase 3] Sortition weight=223
[Phase 3] ✨ ELECTED AS VOTER (weight=223) — voting for: 42f40fb5
[Phase 4] Resolving Filter — counting soft votes...
[Phase 4] Timeout — no supermajority. BBA_Choice = BOTTOM
[Phase 5] BBA* Micro-Loop — initial choice: BOTTOM
[Phase 5] Deadlock — running Common Coin (iter=1)
[Phase 5] Global Coin = 755f7a8183a62f38...
[Phase 5] Coin=EVEN → BBA_Choice=BOTTOM
[Phase 5] Deadlock — running Common Coin (iter=2)
[Phase 5] Global Coin = 3ab4be19f38c8202...
[Phase 5] Coin=EVEN → BBA_Choice=BOTTOM
[Phase 5] Deadlock — running Common Coin (iter=3)
[Phase 5] Global Coin = 68b652ee325552e8...
[Phase 5] Coin=ODD → BBA_Choice=BOTTOM
[Phase 5] Deadlock — running Common Coin (iter=4)
[Phase 5] Global Coin = 1bd98c13e42d3bc5...
[Phase 5] Coin=ODD → BBA_Choice=BOTTOM
[NetworkEngine] Equivocation! round=4
[Phase 5] Deadlock — running Common Coin (iter=5)
[Phase 5] Global Coin = b043926f8d4fa2ff...
[Phase 5] Coin=EVEN → BBA_Choice=BOTTOM
[Phase 5] Deadlock — running Common Coin (iter=6)
[Phase 5] Global Coin = 2f3ddc5263656914...
[Phase 5] Coin=ODD → BBA_Choice=BOTTOM
[Phase 5] Deadlock — running Common Coin (iter=7)
[Phase 5] Global Coin = 693b1ccf156c9cab...
[Phase 5] Coin=EVEN → BBA_Choice=BOTTOM
[Phase 5] Deadlock — running Common Coin (iter=8)
[Phase 5] Global Coin = 18872a7654311745...
[Phase 5] Coin=ODD → BBA_Choice=BOTTOM
[Phase 5] Deadlock — running Common Coin (iter=9)
[Phase 5] Global Coin = 089113703f8edd09...
[Phase 5] Coin=EVEN → BBA_Choice=BOTTOM
[Phase 5] Deadlock — running Common Coin (iter=10)
[Phase 5] Global Coin = 86161b89b3bb7729...
[Phase 5] Coin=EVEN → BBA_Choice=BOTTOM
[Phase 5] Deadlock — running Common Coin (iter=11)
[Phase 5] Global Coin = 49fcb6375af299d0...
[Phase 5] Coin=EVEN → BBA_Choice=BOTTOM
[Phase 5] Deadlock — running Common Coin (iter=12)
[Phase 5] Global Coin = 71a1d3cf729b6b39...
[Phase 5] Coin=ODD → BBA_Choice=BOTTOM
[Phase 5] Deadlock — running Common Coin (iter=13)
[Phase 5] Global Coin = 03bb102931b2d8ff...
[Phase 5] Coin=EVEN → BBA_Choice=BOTTOM
[Phase 5] Deadlock — running Common Coin (iter=14)
[Phase 5] Global Coin = 9ff1a0420983a642...
[Phase 5] Coin=ODD → BBA_Choice=BOTTOM
[Phase 5] Deadlock — running Common Coin (iter=15)
[Phase 5] Global Coin = 4e35e725ffe1eeaa...
[Phase 5] Coin=EVEN → BBA_Choice=BOTTOM
[Phase 5] Deadlock — running Common Coin (iter=16)
[Phase 5] Global Coin = bed3f71dfa060ec5...
[Phase 5] Coin=ODD → BBA_Choice=BOTTOM
[Phase 5] Deadlock — running Common Coin (iter=17)
[Phase 5] Global Coin = 2c58665c943f55f7...
[Phase 5] Coin=ODD → BBA_Choice=BOTTOM
[Phase 5] Deadlock — running Common Coin (iter=18)
[Phase 5] Global Coin = 5516311178aa158d...
[Phase 5] Coin=ODD → BBA_Choice=BOTTOM
[Phase 5] Deadlock — running Common Coin (iter=19)
[Phase 5] Global Coin = 2a90ee59e2a1b3ae...
[Phase 5] Coin=ODD → BBA_Choice=BOTTOM
[Phase 5] Deadlock — running Common Coin (iter=20)
[Phase 5] Global Coin = be28b236bd29e85b...
[Phase 5] Coin=EVEN → BBA_Choice=BOTTOM
[Phase 5] Deadlock — running Common Coin (iter=21)
[Phase 5] Global Coin = 31db4abcc304df02...
[Phase 5] Coin=EVEN → BBA_Choice=BOTTOM
[Phase 5] Deadlock — running Common Coin (iter=22)
[Phase 5] Global Coin = 5515797c18c58964...
[Phase 5] Coin=ODD → BBA_Choice=BOTTOM
[Phase 5] Deadlock — running Common Coin (iter=23)
[Phase 5] Global Coin = 2b1c49378077a2a8...
[Phase 5] Coin=ODD → BBA_Choice=BOTTOM
[Phase 5] Deadlock — running Common Coin (iter=24)
[Phase 5] Global Coin = 444961ee5c241c70...
[Phase 5] Coin=ODD → BBA_Choice=BOTTOM
[Phase 5] Deadlock — running Common Coin (iter=25)
[Phase 5] Global Coin = 49416f7a01e640cc...
[Phase 5] Coin=ODD → BBA_Choice=BOTTOM
[Phase 5] Deadlock — running Common Coin (iter=26)
[Phase 5] Global Coin = 459ff9ddfe8df0e1...
[Phase 5] Coin=ODD → BBA_Choice=BOTTOM
[Phase 5] Deadlock — running Common Coin (iter=27)
[Phase 5] Global Coin = 4ff113cac300387e...
[Phase 5] Coin=ODD → BBA_Choice=BOTTOM
[Phase 5] Deadlock — running Common Coin (iter=28)
[Phase 5] Global Coin = 16e43e80a522b20e...
[Phase 5] Coin=EVEN → BBA_Choice=BOTTOM
[Phase 5] Deadlock — running Common Coin (iter=29)
[Phase 5] Global Coin = 3ace4bff886b3870...
[Phase 5] Coin=ODD → BBA_Choice=BOTTOM
[Phase 5] Deadlock — running Common Coin (iter=30)
[Phase 5] Global Coin = 95839cd28a93d324...
[Phase 5] Coin=EVEN → BBA_Choice=BOTTOM
[Phase 5] Deadlock — running Common Coin (iter=31)
[Phase 5] Global Coin = 278a54f41cad0ce6...
[Phase 5] Coin=EVEN → BBA_Choice=BOTTOM
[Phase 5] Deadlock — running Common Coin (iter=32)
[Phase 5] Global Coin = 002a78a9fb291692...
[Phase 5] Coin=EVEN → BBA_Choice=BOTTOM
[Phase 5] Deadlock — running Common Coin (iter=33)
[Phase 5] Global Coin = 882702a7bbb2255b...
[Phase 5] Coin=ODD → BBA_Choice=BOTTOM
[Phase 5] Deadlock — running Common Coin (iter=34)
[Phase 5] Global Coin = 31db683ceea95a11...
[Phase 5] Coin=ODD → BBA_Choice=BOTTOM
[Phase 5] Deadlock — running Common Coin (iter=35)
[Phase 5] Global Coin = e3c9da29439beabe...
[Phase 5] Coin=EVEN → BBA_Choice=BOTTOM
[Phase 5] Deadlock — running Common Coin (iter=36)
[Phase 5] Global Coin = 967ec7af97ebc93b...
[Phase 5] Coin=EVEN → BBA_Choice=BOTTOM
[Phase 5] Deadlock — running Common Coin (iter=37)
[Phase 5] Global Coin = 5d641c84c8efc945...
[Phase 5] Coin=EVEN → BBA_Choice=BOTTOM
[Phase 5] Deadlock — running Common Coin (iter=38)
[Phase 5] Global Coin = af42fd5eb7c21c9c...
[Phase 5] Coin=EVEN → BBA_Choice=BOTTOM
[Phase 5] Deadlock — running Common Coin (iter=39)
[Phase 5] Global Coin = 2ebe8109cea96f9c...
[Phase 5] Coin=ODD → BBA_Choice=BOTTOM
[Phase 5] Deadlock — running Common Coin (iter=40)
[Phase 5] Global Coin = 63efeecd8bf1aace...
[Phase 5] Coin=EVEN → BBA_Choice=BOTTOM
[Phase 5] Deadlock — running Common Coin (iter=41)
[Phase 5] Global Coin = 365ed4ac91593527...
[Phase 5] Coin=ODD → BBA_Choice=BOTTOM
[Phase 5] Deadlock — running Common Coin (iter=42)
[Phase 5] Global Coin = c342ba38aa833e82...
[Phase 5] Coin=EVEN → BBA_Choice=BOTTOM
[Phase 5] Deadlock — running Common Coin (iter=43)
[Phase 5] Global Coin = 12010dc636a6a12f...
[Phase 5] Coin=EVEN → BBA_Choice=BOTTOM
[Phase 5] Deadlock — running Common Coin (iter=44)
[Phase 5] Global Coin = 8965439766576429...
[Phase 5] Coin=EVEN → BBA_Choice=BOTTOM
[Phase 5] Deadlock — running Common Coin (iter=45)
[Phase 5] Global Coin = 1df532146810d3d7...
[Phase 5] Coin=EVEN → BBA_Choice=BOTTOM
[Phase 5] Deadlock — running Common Coin (iter=46)
[Phase 5] Global Coin = b3d52db0a9960e53...
[Phase 5] Coin=EVEN → BBA_Choice=BOTTOM
[Phase 5] Deadlock — running Common Coin (iter=47)
[Phase 5] Global Coin = 3fbd7d75fc5ef8c9...
[Phase 5] Coin=EVEN → BBA_Choice=BOTTOM
[Phase 5] Deadlock — running Common Coin (iter=48)
[Phase 5] Global Coin = 3a266dc7eac8e253...
[Phase 5] Coin=EVEN → BBA_Choice=BOTTOM
[Phase 5] Deadlock — running Common Coin (iter=49)
[Phase 5] Global Coin = 50e53d4f7be10817...
[Phase 5] Coin=ODD → BBA_Choice=BOTTOM
[Phase 5] Deadlock — running Common Coin (iter=50)
[Phase 5] Global Coin = 8fd79977473d8153...
[Phase 5] Coin=EVEN → BBA_Choice=BOTTOM
[Phase 5] PANIC LIMIT reached — Recovery Mode.
[ConsensusEngine] RECOVERY MODE — waiting for network certificate...
